Fitter report for fulladder
Tue Apr 19 20:59:29 2016
Quartus II Version 9.1 Build 222 10/21/2009 SJ Full Version


---------------------
; Table of Contents ;
---------------------
  1. Legal Notice
  2. Fitter Summary
  3. Fitter Settings
  4. Parallel Compilation
  5. Pin-Out File
  6. Fitter Resource Usage Summary
  7. Input Pins
  8. Output Pins
  9. I/O Bank Usage
 10. All Package Pins
 11. Output Pin Default Load For Reported TCO
 12. Fitter Resource Utilization by Entity
 13. Delay Chain Summary
 14. Non-Global High Fan-Out Signals
 15. Interconnect Usage Summary
 16. LAB Logic Elements
 17. LAB Signals Sourced
 18. LAB Signals Sourced Out
 19. LAB Distinct Inputs
 20. Fitter Device Options
 21. Estimated Delay Added for Hold Timing
 22. Fitter Messages
 23. Fitter Suppressed Messages



----------------
; Legal Notice ;
----------------
Copyright (C) 1991-2009 Altera Corporation
Your use of Altera Corporation's design tools, logic functions 
and other software and tools, and its AMPP partner logic 
functions, and any output files from any of the foregoing 
(including device programming or simulation files), and any 
associated documentation or information are expressly subject 
to the terms and conditions of the Altera Program License 
Subscription Agreement, Altera MegaCore Function License 
Agreement, or other applicable license agreement, including, 
without limitation, that your use is for the sole purpose of 
programming logic devices manufactured by Altera and sold by 
Altera or its authorized distributors.  Please refer to the 
applicable agreement for further details.



+------------------------------------------------------------------+
; Fitter Summary                                                   ;
+-----------------------+------------------------------------------+
; Fitter Status         ; Successful - Tue Apr 19 20:59:29 2016    ;
; Quartus II Version    ; 9.1 Build 222 10/21/2009 SJ Full Version ;
; Revision Name         ; fulladder                                ;
; Top-level Entity Name ; fulladder                                ;
; Family                ; MAX II                                   ;
; Device                ; EPM1270T144C5                            ;
; Timing Models         ; Final                                    ;
; Total logic elements  ; 2 / 1,270 ( < 1 % )                      ;
; Total pins            ; 5 / 116 ( 4 % )                          ;
; Total virtual pins    ; 0                                        ;
; UFM blocks            ; 0 / 1 ( 0 % )                            ;
+-----------------------+------------------------------------------+


+----------------------------------------------------------------------------------------------------------------------------------------------+
; Fitter Settings                                                                                                                              ;
+----------------------------------------------------------------------------+--------------------------------+--------------------------------+
; Option                                                                     ; Setting                        ; Default Value                  ;
+----------------------------------------------------------------------------+--------------------------------+--------------------------------+
; Device                                                                     ; EPM1270T144C5                  ;                                ;
; Minimum Core Junction Temperature                                          ; 0                              ;                                ;
; Maximum Core Junction Temperature                                          ; 85                             ;                                ;
; Fit Attempts to Skip                                                       ; 0                              ; 0.0                            ;
; Use smart compilation                                                      ; Off                            ; Off                            ;
; Enable parallel Assembler and TimeQuest Timing Analyzer during compilation ; On                             ; On                             ;
; Enable compact report table                                                ; Off                            ; Off                            ;
; Use TimeQuest Timing Analyzer                                              ; Off                            ; Off                            ;
; Router Timing Optimization Level                                           ; Normal                         ; Normal                         ;
; Placement Effort Multiplier                                                ; 1.0                            ; 1.0                            ;
; Router Effort Multiplier                                                   ; 1.0                            ; 1.0                            ;
; Always Enable Input Buffers                                                ; Off                            ; Off                            ;
; Optimize Hold Timing                                                       ; IO Paths and Minimum TPD Paths ; IO Paths and Minimum TPD Paths ;
; Optimize Multi-Corner Timing                                               ; Off                            ; Off                            ;
; Guarantee I/O Paths Have Zero Hold Time at Fast Corner                     ; On                             ; On                             ;
; PowerPlay Power Optimization                                               ; Normal compilation             ; Normal compilation             ;
; Optimize Timing                                                            ; Normal compilation             ; Normal compilation             ;
; Optimize Timing for ECOs                                                   ; Off                            ; Off                            ;
; Regenerate full fit report during ECO compiles                             ; Off                            ; Off                            ;
; Optimize IOC Register Placement for Timing                                 ; On                             ; On                             ;
; Limit to One Fitting Attempt                                               ; Off                            ; Off                            ;
; Final Placement Optimizations                                              ; Automatically                  ; Automatically                  ;
; Fitter Aggressive Routability Optimizations                                ; Automatically                  ; Automatically                  ;
; Fitter Initial Placement Seed                                              ; 1                              ; 1                              ;
; Slow Slew Rate                                                             ; Off                            ; Off                            ;
; PCI I/O                                                                    ; Off                            ; Off                            ;
; Weak Pull-Up Resistor                                                      ; Off                            ; Off                            ;
; Enable Bus-Hold Circuitry                                                  ; Off                            ; Off                            ;
; Auto Delay Chains                                                          ; On                             ; On                             ;
; Perform Physical Synthesis for Combinational Logic for Performance         ; Off                            ; Off                            ;
; Perform Register Duplication for Performance                               ; Off                            ; Off                            ;
; Perform Register Retiming for Performance                                  ; Off                            ; Off                            ;
; Perform Asynchronous Signal Pipelining                                     ; Off                            ; Off                            ;
; Fitter Effort                                                              ; Auto Fit                       ; Auto Fit                       ;
; Physical Synthesis Effort Level                                            ; Normal                         ; Normal                         ;
; Logic Cell Insertion - Logic Duplication                                   ; Auto                           ; Auto                           ;
; Auto Register Duplication                                                  ; Auto                           ; Auto                           ;
; Auto Global Clock                                                          ; On                             ; On                             ;
; Auto Global Register Control Signals                                       ; On                             ; On                             ;
; Stop After Congestion Map Generation                                       ; Off                            ; Off                            ;
; Save Intermediate Fitting Results                                          ; Off                            ; Off                            ;
; Force Fitter to Avoid Periphery Placement Warnings                         ; Off                            ; Off                            ;
; Use Best Effort Settings for Compilation                                   ; Off                            ; Off                            ;
+----------------------------------------------------------------------------+--------------------------------+--------------------------------+


+------------------------------------------+
; Parallel Compilation                     ;
+----------------------------+-------------+
; Processors                 ; Number      ;
+----------------------------+-------------+
; Number detected on machine ; 2           ;
; Maximum allowed            ; 2           ;
;                            ;             ;
; Average used               ; 1.00        ;
; Maximum used               ; 2           ;
;                            ;             ;
; Usage by Processor         ; % Time Used ;
;     1 processor            ; 100.0%      ;
;     2 processors           ; < 0.1%      ;
+----------------------------+-------------+


+--------------+
; Pin-Out File ;
+--------------+
The pin-out file can be found in D:/fulladder/fulladder.pin.


+-------------------------------------------------------------------+
; Fitter Resource Usage Summary                                     ;
+---------------------------------------------+---------------------+
; Resource                                    ; Usage               ;
+---------------------------------------------+---------------------+
; Total logic elements                        ; 2 / 1,270 ( < 1 % ) ;
;     -- Combinational with no register       ; 2                   ;
;     -- Register only                        ; 0                   ;
;     -- Combinational with a register        ; 0                   ;
;                                             ;                     ;
; Logic element usage by number of LUT inputs ;                     ;
;     -- 4 input functions                    ; 0                   ;
;     -- 3 input functions                    ; 2                   ;
;     -- 2 input functions                    ; 0                   ;
;     -- 1 input functions                    ; 0                   ;
;     -- 0 input functions                    ; 0                   ;
;                                             ;                     ;
; Logic elements by mode                      ;                     ;
;     -- normal mode                          ; 2                   ;
;     -- arithmetic mode                      ; 0                   ;
;     -- qfbk mode                            ; 0                   ;
;     -- register cascade mode                ; 0                   ;
;     -- synchronous clear/load mode          ; 0                   ;
;     -- asynchronous clear/load mode         ; 0                   ;
;                                             ;                     ;
; Total registers                             ; 0 / 1,270 ( 0 % )   ;
; Total LABs                                  ; 1 / 127 ( < 1 % )   ;
; Logic elements in carry chains              ; 0                   ;
; User inserted logic elements                ; 0                   ;
; Virtual pins                                ; 0                   ;
; I/O pins                                    ; 5 / 116 ( 4 % )     ;
;     -- Clock pins                           ; 0 / 4 ( 0 % )       ;
; Global signals                              ; 0                   ;
; UFM blocks                                  ; 0 / 1 ( 0 % )       ;
; Global clocks                               ; 0 / 4 ( 0 % )       ;
; JTAGs                                       ; 0 / 1 ( 0 % )       ;
; Average interconnect usage (total/H/V)      ; 0% / 0% / 0%        ;
; Peak interconnect usage (total/H/V)         ; 0% / 0% / 0%        ;
; Maximum fan-out node                        ; Ai                  ;
; Maximum fan-out                             ; 2                   ;
; Highest non-global fan-out signal           ; Ai                  ;
; Highest non-global fan-out                  ; 2                   ;
; Total fan-out                               ; 8                   ;
; Average fan-out                             ; 1.14                ;
+---------------------------------------------+---------------------+


+-------------------------------------------------------------------------------------------------------------------------------------------------------------------------------------------------------------+
; Input Pins                                                                                                                                                                                                  ;
+------+-------+----------+--------------+--------------+-------------+-----------------------+--------------------+--------+-----------------+----------+--------------+--------------+----------------------+
; Name ; Pin # ; I/O Bank ; X coordinate ; Y coordinate ; Cell number ; Combinational Fan-Out ; Registered Fan-Out ; Global ; PCI I/O Enabled ; Bus Hold ; Weak Pull Up ; I/O Standard ; Location assigned by ;
+------+-------+----------+--------------+--------------+-------------+-----------------------+--------------------+--------+-----------------+----------+--------------+--------------+----------------------+
; Ai   ; 3     ; 1        ; 0            ; 10           ; 5           ; 2                     ; 0                  ; no     ; no              ; no       ; Off          ; 3.3-V LVTTL  ; Fitter               ;
; Bi   ; 122   ; 2        ; 10           ; 11           ; 2           ; 2                     ; 0                  ; no     ; no              ; no       ; Off          ; 3.3-V LVTTL  ; Fitter               ;
; Ci-1 ; 137   ; 2        ; 6            ; 11           ; 3           ; 2                     ; 0                  ; no     ; no              ; no       ; Off          ; 3.3-V LVTTL  ; Fitter               ;
+------+-------+----------+--------------+--------------+-------------+-----------------------+--------------------+--------+-----------------+----------+--------------+--------------+----------------------+


+------------------------------------------------------------------------------------------------------------------------------------------------------------------------------------------------------------------------------------------------------------------------------------------------------------------------+
; Output Pins                                                                                                                                                                                                                                                                                                            ;
+------+-------+----------+--------------+--------------+-------------+-----------------+----------------+-----------------+------------+---------------+----------+--------------+--------------+------------------+------------------------+----------------------+-------+----------------------+---------------------+
; Name ; Pin # ; I/O Bank ; X coordinate ; Y coordinate ; Cell number ; Output Register ; Slow Slew Rate ; PCI I/O Enabled ; Open Drain ; TRI Primitive ; Bus Hold ; Weak Pull Up ; I/O Standard ; Current Strength ; Fast Output Connection ; Location assigned by ; Load  ; Output Enable Source ; Output Enable Group ;
+------+-------+----------+--------------+--------------+-------------+-----------------+----------------+-----------------+------------+---------------+----------+--------------+--------------+------------------+------------------------+----------------------+-------+----------------------+---------------------+
; Ci   ; 39    ; 4        ; 2            ; 3            ; 0           ; no              ; no             ; no              ; no         ; no            ; no       ; Off          ; 3.3-V LVTTL  ; 16mA             ; no                     ; Fitter               ; 10 pF ; -                    ; -                   ;
; Si   ; 24    ; 1        ; 0            ; 6            ; 3           ; no              ; no             ; no              ; no         ; no            ; no       ; Off          ; 3.3-V LVTTL  ; 16mA             ; yes                    ; Fitter               ; 10 pF ; -                    ; -                   ;
+------+-------+----------+--------------+--------------+-------------+-----------------+----------------+-----------------+------------+---------------+----------+--------------+--------------+------------------+------------------------+----------------------+-------+----------------------+---------------------+


+----------------------------------------------------------+
; I/O Bank Usage                                           ;
+----------+----------------+---------------+--------------+
; I/O Bank ; Usage          ; VCCIO Voltage ; VREF Voltage ;
+----------+----------------+---------------+--------------+
; 1        ; 2 / 26 ( 8 % ) ; 3.3V          ; --           ;
; 2        ; 2 / 30 ( 7 % ) ; 3.3V          ; --           ;
; 3        ; 0 / 30 ( 0 % ) ; 3.3V          ; --           ;
; 4        ; 1 / 30 ( 3 % ) ; 3.3V          ; --           ;
+----------+----------------+---------------+--------------+


+------------------------------------------------------------------------------------------------------------------------------------------------+
; All Package Pins                                                                                                                               ;
+----------+------------+----------+----------------+--------+--------------+-----------+------------+-----------------+----------+--------------+
; Location ; Pad Number ; I/O Bank ; Pin Name/Usage ; Dir.   ; I/O Standard ; Voltage   ; I/O Type   ; User Assignment ; Bus Hold ; Weak Pull Up ;
+----------+------------+----------+----------------+--------+--------------+-----------+------------+-----------------+----------+--------------+
; 1        ; 2          ; 1        ; GND*           ;        ;              ;           ; Row I/O    ;                 ; no       ; Off          ;
; 2        ; 3          ; 1        ; GND*           ;        ;              ;           ; Row I/O    ;                 ; no       ; Off          ;
; 3        ; 5          ; 1        ; Ai             ; input  ; 3.3-V LVTTL  ;           ; Row I/O    ; N               ; no       ; Off          ;
; 4        ; 7          ; 1        ; GND*           ;        ;              ;           ; Row I/O    ;                 ; no       ; Off          ;
; 5        ; 9          ; 1        ; GND*           ;        ;              ;           ; Row I/O    ;                 ; no       ; Off          ;
; 6        ; 10         ; 1        ; GND*           ;        ;              ;           ; Row I/O    ;                 ; no       ; Off          ;
; 7        ; 14         ; 1        ; GND*           ;        ;              ;           ; Row I/O    ;                 ; no       ; Off          ;
; 8        ; 15         ; 1        ; GND*           ;        ;              ;           ; Row I/O    ;                 ; no       ; Off          ;
; 9        ;            ; 1        ; VCCIO1         ; power  ;              ; 3.3V      ; --         ;                 ; --       ; --           ;
; 10       ;            ;          ; GNDIO          ; gnd    ;              ;           ; --         ;                 ; --       ; --           ;
; 11       ; 20         ; 1        ; GND*           ;        ;              ;           ; Row I/O    ;                 ; no       ; Off          ;
; 12       ; 21         ; 1        ; GND*           ;        ;              ;           ; Row I/O    ;                 ; no       ; Off          ;
; 13       ; 22         ; 1        ; GND*           ;        ;              ;           ; Row I/O    ;                 ; no       ; Off          ;
; 14       ; 23         ; 1        ; GND*           ;        ;              ;           ; Row I/O    ;                 ; no       ; Off          ;
; 15       ; 24         ; 1        ; GND*           ;        ;              ;           ; Row I/O    ;                 ; no       ; Off          ;
; 16       ; 25         ; 1        ; GND*           ;        ;              ;           ; Row I/O    ;                 ; no       ; Off          ;
; 17       ;            ;          ; GNDINT         ; gnd    ;              ;           ; --         ;                 ; --       ; --           ;
; 18       ; 26         ; 1        ; GND*           ;        ;              ;           ; Row I/O    ;                 ; no       ; Off          ;
; 19       ;            ;          ; VCCINT         ; power  ;              ; 2.5V/3.3V ; --         ;                 ; --       ; --           ;
; 20       ; 27         ; 1        ; GND*           ;        ;              ;           ; Row I/O    ;                 ; no       ; Off          ;
; 21       ; 28         ; 1        ; GND*           ;        ;              ;           ; Row I/O    ;                 ; no       ; Off          ;
; 22       ; 29         ; 1        ; GND*           ;        ;              ;           ; Row I/O    ;                 ; no       ; Off          ;
; 23       ; 30         ; 1        ; GND*           ;        ;              ;           ; Row I/O    ;                 ; no       ; Off          ;
; 24       ; 31         ; 1        ; Si             ; output ; 3.3-V LVTTL  ;           ; Row I/O    ; N               ; no       ; Off          ;
; 25       ;            ; 1        ; VCCIO1         ; power  ;              ; 3.3V      ; --         ;                 ; --       ; --           ;
; 26       ;            ;          ; GNDIO          ; gnd    ;              ;           ; --         ;                 ; --       ; --           ;
; 27       ; 33         ; 1        ; GND*           ;        ;              ;           ; Row I/O    ;                 ; no       ; Off          ;
; 28       ; 36         ; 1        ; GND*           ;        ;              ;           ; Row I/O    ;                 ; no       ; Off          ;
; 29       ; 37         ; 1        ; GND*           ;        ;              ;           ; Row I/O    ;                 ; no       ; Off          ;
; 30       ; 41         ; 1        ; GND*           ;        ;              ;           ; Row I/O    ;                 ; no       ; Off          ;
; 31       ; 44         ; 1        ; GND*           ;        ;              ;           ; Row I/O    ;                 ; no       ; Off          ;
; 32       ; 47         ; 1        ; GND*           ;        ;              ;           ; Row I/O    ;                 ; no       ; Off          ;
; 33       ; 50         ; 1        ; #TMS           ; input  ;              ;           ; --         ;                 ; --       ; --           ;
; 34       ; 51         ; 1        ; #TDI           ; input  ;              ;           ; --         ;                 ; --       ; --           ;
; 35       ; 52         ; 1        ; #TCK           ; input  ;              ;           ; --         ;                 ; --       ; --           ;
; 36       ; 53         ; 1        ; #TDO           ; output ;              ;           ; --         ;                 ; --       ; --           ;
; 37       ; 56         ; 4        ; GND*           ;        ;              ;           ; Column I/O ;                 ; no       ; Off          ;
; 38       ; 57         ; 4        ; GND*           ;        ;              ;           ; Column I/O ;                 ; no       ; Off          ;
; 39       ; 60         ; 4        ; Ci             ; output ; 3.3-V LVTTL  ;           ; Column I/O ; N               ; no       ; Off          ;
; 40       ; 62         ; 4        ; GND*           ;        ;              ;           ; Column I/O ;                 ; no       ; Off          ;
; 41       ; 63         ; 4        ; GND*           ;        ;              ;           ; Column I/O ;                 ; no       ; Off          ;
; 42       ; 67         ; 4        ; GND*           ;        ;              ;           ; Column I/O ;                 ; no       ; Off          ;
; 43       ; 68         ; 4        ; GND*           ;        ;              ;           ; Column I/O ;                 ; no       ; Off          ;
; 44       ; 69         ; 4        ; GND*           ;        ;              ;           ; Column I/O ;                 ; no       ; Off          ;
; 45       ; 74         ; 4        ; GND*           ;        ;              ;           ; Column I/O ;                 ; no       ; Off          ;
; 46       ;            ; 4        ; VCCIO4         ; power  ;              ; 3.3V      ; --         ;                 ; --       ; --           ;
; 47       ;            ;          ; GNDIO          ; gnd    ;              ;           ; --         ;                 ; --       ; --           ;
; 48       ; 75         ; 4        ; GND*           ;        ;              ;           ; Column I/O ;                 ; no       ; Off          ;
; 49       ; 76         ; 4        ; GND*           ;        ;              ;           ; Column I/O ;                 ; no       ; Off          ;
; 50       ; 77         ; 4        ; GND*           ;        ;              ;           ; Column I/O ;                 ; no       ; Off          ;
; 51       ; 78         ; 4        ; GND*           ;        ;              ;           ; Column I/O ;                 ; no       ; Off          ;
; 52       ; 79         ; 4        ; GND*           ;        ;              ;           ; Column I/O ;                 ; no       ; Off          ;
; 53       ; 80         ; 4        ; GND*           ;        ;              ;           ; Column I/O ;                 ; no       ; Off          ;
; 54       ;            ;          ; GNDINT         ; gnd    ;              ;           ; --         ;                 ; --       ; --           ;
; 55       ; 81         ; 4        ; GND*           ;        ;              ;           ; Column I/O ;                 ; no       ; Off          ;
; 56       ;            ;          ; VCCINT         ; power  ;              ; 2.5V/3.3V ; --         ;                 ; --       ; --           ;
; 57       ; 82         ; 4        ; GND*           ;        ;              ;           ; Column I/O ;                 ; no       ; Off          ;
; 58       ; 83         ; 4        ; GND*           ;        ;              ;           ; Column I/O ;                 ; no       ; Off          ;
; 59       ; 84         ; 4        ; GND*           ;        ;              ;           ; Column I/O ;                 ; no       ; Off          ;
; 60       ; 85         ; 4        ; GND*           ;        ;              ;           ; Column I/O ;                 ; no       ; Off          ;
; 61       ; 86         ; 4        ; GND*           ;        ;              ;           ; Column I/O ;                 ; no       ; Off          ;
; 62       ; 87         ; 4        ; GND*           ;        ;              ;           ; Column I/O ;                 ; no       ; Off          ;
; 63       ; 88         ; 4        ; GND*           ;        ;              ;           ; Column I/O ;                 ; no       ; Off          ;
; 64       ;            ; 4        ; VCCIO4         ; power  ;              ; 3.3V      ; --         ;                 ; --       ; --           ;
; 65       ;            ;          ; GNDIO          ; gnd    ;              ;           ; --         ;                 ; --       ; --           ;
; 66       ; 91         ; 4        ; GND*           ;        ;              ;           ; Column I/O ;                 ; no       ; Off          ;
; 67       ; 92         ; 4        ; GND*           ;        ;              ;           ; Column I/O ;                 ; no       ; Off          ;
; 68       ; 95         ; 4        ; GND*           ;        ;              ;           ; Column I/O ;                 ; no       ; Off          ;
; 69       ; 98         ; 4        ; GND*           ;        ;              ;           ; Column I/O ;                 ; no       ; Off          ;
; 70       ; 101        ; 4        ; GND*           ;        ;              ;           ; Column I/O ;                 ; no       ; Off          ;
; 71       ; 104        ; 4        ; GND*           ;        ;              ;           ; Column I/O ;                 ; no       ; Off          ;
; 72       ; 107        ; 4        ; GND*           ;        ;              ;           ; Column I/O ;                 ; no       ; Off          ;
; 73       ; 111        ; 3        ; GND*           ;        ;              ;           ; Row I/O    ;                 ; no       ; Off          ;
; 74       ; 112        ; 3        ; GND*           ;        ;              ;           ; Row I/O    ;                 ; no       ; Off          ;
; 75       ; 113        ; 3        ; GND*           ;        ;              ;           ; Row I/O    ;                 ; no       ; Off          ;
; 76       ; 115        ; 3        ; GND*           ;        ;              ;           ; Row I/O    ;                 ; no       ; Off          ;
; 77       ; 118        ; 3        ; GND*           ;        ;              ;           ; Row I/O    ;                 ; no       ; Off          ;
; 78       ; 122        ; 3        ; GND*           ;        ;              ;           ; Row I/O    ;                 ; no       ; Off          ;
; 79       ; 123        ; 3        ; GND*           ;        ;              ;           ; Row I/O    ;                 ; no       ; Off          ;
; 80       ; 124        ; 3        ; GND*           ;        ;              ;           ; Row I/O    ;                 ; no       ; Off          ;
; 81       ; 127        ; 3        ; GND*           ;        ;              ;           ; Row I/O    ;                 ; no       ; Off          ;
; 82       ;            ; 3        ; VCCIO3         ; power  ;              ; 3.3V      ; --         ;                 ; --       ; --           ;
; 83       ;            ;          ; GNDIO          ; gnd    ;              ;           ; --         ;                 ; --       ; --           ;
; 84       ; 129        ; 3        ; GND*           ;        ;              ;           ; Row I/O    ;                 ; no       ; Off          ;
; 85       ; 130        ; 3        ; GND*           ;        ;              ;           ; Row I/O    ;                 ; no       ; Off          ;
; 86       ; 131        ; 3        ; GND*           ;        ;              ;           ; Row I/O    ;                 ; no       ; Off          ;
; 87       ; 132        ; 3        ; GND*           ;        ;              ;           ; Row I/O    ;                 ; no       ; Off          ;
; 88       ; 133        ; 3        ; GND*           ;        ;              ;           ; Row I/O    ;                 ; no       ; Off          ;
; 89       ; 134        ; 3        ; GND*           ;        ;              ;           ; Row I/O    ;                 ; no       ; Off          ;
; 90       ;            ;          ; VCCINT         ; power  ;              ; 2.5V/3.3V ; --         ;                 ; --       ; --           ;
; 91       ; 135        ; 3        ; GND*           ;        ;              ;           ; Row I/O    ;                 ; no       ; Off          ;
; 92       ;            ;          ; GNDINT         ; gnd    ;              ;           ; --         ;                 ; --       ; --           ;
; 93       ; 136        ; 3        ; GND*           ;        ;              ;           ; Row I/O    ;                 ; no       ; Off          ;
; 94       ; 137        ; 3        ; GND*           ;        ;              ;           ; Row I/O    ;                 ; no       ; Off          ;
; 95       ; 138        ; 3        ; GND*           ;        ;              ;           ; Row I/O    ;                 ; no       ; Off          ;
; 96       ; 139        ; 3        ; GND*           ;        ;              ;           ; Row I/O    ;                 ; no       ; Off          ;
; 97       ; 140        ; 3        ; GND*           ;        ;              ;           ; Row I/O    ;                 ; no       ; Off          ;
; 98       ; 141        ; 3        ; GND*           ;        ;              ;           ; Row I/O    ;                 ; no       ; Off          ;
; 99       ;            ;          ; GNDIO          ; gnd    ;              ;           ; --         ;                 ; --       ; --           ;
; 100      ;            ; 3        ; VCCIO3         ; power  ;              ; 3.3V      ; --         ;                 ; --       ; --           ;
; 101      ; 142        ; 3        ; GND*           ;        ;              ;           ; Row I/O    ;                 ; no       ; Off          ;
; 102      ; 146        ; 3        ; GND*           ;        ;              ;           ; Row I/O    ;                 ; no       ; Off          ;
; 103      ; 147        ; 3        ; GND*           ;        ;              ;           ; Row I/O    ;                 ; no       ; Off          ;
; 104      ; 151        ; 3        ; GND*           ;        ;              ;           ; Row I/O    ;                 ; no       ; Off          ;
; 105      ; 152        ; 3        ; GND*           ;        ;              ;           ; Row I/O    ;                 ; no       ; Off          ;
; 106      ; 154        ; 3        ; GND*           ;        ;              ;           ; Row I/O    ;                 ; no       ; Off          ;
; 107      ; 156        ; 3        ; GND*           ;        ;              ;           ; Row I/O    ;                 ; no       ; Off          ;
; 108      ; 158        ; 3        ; GND*           ;        ;              ;           ; Row I/O    ;                 ; no       ; Off          ;
; 109      ; 164        ; 2        ; GND*           ;        ;              ;           ; Column I/O ;                 ; no       ; Off          ;
; 110      ; 165        ; 2        ; GND*           ;        ;              ;           ; Column I/O ;                 ; no       ; Off          ;
; 111      ; 166        ; 2        ; GND*           ;        ;              ;           ; Column I/O ;                 ; no       ; Off          ;
; 112      ; 171        ; 2        ; GND*           ;        ;              ;           ; Column I/O ;                 ; no       ; Off          ;
; 113      ; 174        ; 2        ; GND*           ;        ;              ;           ; Column I/O ;                 ; no       ; Off          ;
; 114      ; 177        ; 2        ; GND*           ;        ;              ;           ; Column I/O ;                 ; no       ; Off          ;
; 115      ;            ;          ; GNDIO          ; gnd    ;              ;           ; --         ;                 ; --       ; --           ;
; 116      ;            ; 2        ; VCCIO2         ; power  ;              ; 3.3V      ; --         ;                 ; --       ; --           ;
; 117      ; 180        ; 2        ; GND*           ;        ;              ;           ; Column I/O ;                 ; no       ; Off          ;
; 118      ; 181        ; 2        ; GND*           ;        ;              ;           ; Column I/O ;                 ; no       ; Off          ;
; 119      ; 182        ; 2        ; GND*           ;        ;              ;           ; Column I/O ;                 ; no       ; Off          ;
; 120      ; 183        ; 2        ; GND*           ;        ;              ;           ; Column I/O ;                 ; no       ; Off          ;
; 121      ; 184        ; 2        ; GND*           ;        ;              ;           ; Column I/O ;                 ; no       ; Off          ;
; 122      ; 185        ; 2        ; Bi             ; input  ; 3.3-V LVTTL  ;           ; Column I/O ; N               ; no       ; Off          ;
; 123      ; 186        ; 2        ; GND*           ;        ;              ;           ; Column I/O ;                 ; no       ; Off          ;
; 124      ; 187        ; 2        ; GND*           ;        ;              ;           ; Column I/O ;                 ; no       ; Off          ;
; 125      ; 188        ; 2        ; GND*           ;        ;              ;           ; Column I/O ;                 ; no       ; Off          ;
; 126      ;            ;          ; VCCINT         ; power  ;              ; 2.5V/3.3V ; --         ;                 ; --       ; --           ;
; 127      ; 189        ; 2        ; GND*           ;        ;              ;           ; Column I/O ;                 ; no       ; Off          ;
; 128      ;            ;          ; GNDINT         ; gnd    ;              ;           ; --         ;                 ; --       ; --           ;
; 129      ; 190        ; 2        ; GND*           ;        ;              ;           ; Column I/O ;                 ; no       ; Off          ;
; 130      ; 191        ; 2        ; GND*           ;        ;              ;           ; Column I/O ;                 ; no       ; Off          ;
; 131      ; 192        ; 2        ; GND*           ;        ;              ;           ; Column I/O ;                 ; no       ; Off          ;
; 132      ; 193        ; 2        ; GND*           ;        ;              ;           ; Column I/O ;                 ; no       ; Off          ;
; 133      ; 194        ; 2        ; GND*           ;        ;              ;           ; Column I/O ;                 ; no       ; Off          ;
; 134      ; 195        ; 2        ; GND*           ;        ;              ;           ; Column I/O ;                 ; no       ; Off          ;
; 135      ;            ;          ; GNDIO          ; gnd    ;              ;           ; --         ;                 ; --       ; --           ;
; 136      ;            ; 2        ; VCCIO2         ; power  ;              ; 3.3V      ; --         ;                 ; --       ; --           ;
; 137      ; 199        ; 2        ; Ci-1           ; input  ; 3.3-V LVTTL  ;           ; Column I/O ; N               ; no       ; Off          ;
; 138      ; 200        ; 2        ; GND*           ;        ;              ;           ; Column I/O ;                 ; no       ; Off          ;
; 139      ; 201        ; 2        ; GND*           ;        ;              ;           ; Column I/O ;                 ; no       ; Off          ;
; 140      ; 204        ; 2        ; GND*           ;        ;              ;           ; Column I/O ;                 ; no       ; Off          ;
; 141      ; 205        ; 2        ; GND*           ;        ;              ;           ; Column I/O ;                 ; no       ; Off          ;
; 142      ; 208        ; 2        ; GND*           ;        ;              ;           ; Column I/O ;                 ; no       ; Off          ;
; 143      ; 212        ; 2        ; GND*           ;        ;              ;           ; Column I/O ;                 ; no       ; Off          ;
; 144      ; 215        ; 2        ; GND*           ;        ;              ;           ; Column I/O ;                 ; no       ; Off          ;
+----------+------------+----------+----------------+--------+--------------+-----------+------------+-----------------+----------+--------------+
Note: Pin directions (input, output or bidir) are based on device operating in user mode.


+-------------------------------------------------------------+
; Output Pin Default Load For Reported TCO                    ;
+----------------------------+-------+------------------------+
; I/O Standard               ; Load  ; Termination Resistance ;
+----------------------------+-------+------------------------+
; 3.3-V LVTTL                ; 10 pF ; Not Available          ;
; 3.3-V LVCMOS               ; 10 pF ; Not Available          ;
; 2.5 V                      ; 10 pF ; Not Available          ;
; 1.8 V                      ; 10 pF ; Not Available          ;
; 1.5 V                      ; 10 pF ; Not Available          ;
; 3.3V Schmitt Trigger Input ; 10 pF ; Not Available          ;
; 2.5V Schmitt Trigger Input ; 10 pF ; Not Available          ;
; 3.3-V PCI                  ; 10 pF ; 25 Ohm (Parallel)      ;
+----------------------------+-------+------------------------+
Note: User assignments will override these defaults. The user specified values are listed in the Output Pins and Bidir Pins tables.


+----------------------------------------------------------------------------------------------------------------------------------------------------------------------------------------------------------------------+
; Fitter Resource Utilization by Entity                                                                                                                                                                                ;
+----------------------------+-------------+--------------+------------+------+--------------+--------------+-------------------+------------------+-----------------+------------+---------------------+--------------+
; Compilation Hierarchy Node ; Logic Cells ; LC Registers ; UFM Blocks ; Pins ; Virtual Pins ; LUT-Only LCs ; Register-Only LCs ; LUT/Register LCs ; Carry Chain LCs ; Packed LCs ; Full Hierarchy Name ; Library Name ;
+----------------------------+-------------+--------------+------------+------+--------------+--------------+-------------------+------------------+-----------------+------------+---------------------+--------------+
; |fulladder                 ; 2 (2)       ; 0            ; 0          ; 5    ; 0            ; 2 (2)        ; 0 (0)             ; 0 (0)            ; 0 (0)           ; 0 (0)      ; |fulladder          ; work         ;
+----------------------------+-------------+--------------+------------+------+--------------+--------------+-------------------+------------------+-----------------+------------+---------------------+--------------+
Note: For table entries with two numbers listed, the numbers in parentheses indicate the number of resources of the given type used by the specific entity alone. The numbers listed outside of parentheses indicate the total resources of the given type used by the specific entity and all of its sub-entities in the hierarchy.


+---------------------------------+
; Delay Chain Summary             ;
+------+----------+---------------+
; Name ; Pin Type ; Pad to Core 0 ;
+------+----------+---------------+
; Ai   ; Input    ; (0)           ;
; Bi   ; Input    ; (0)           ;
; Ci-1 ; Input    ; (0)           ;
; Si   ; Output   ; --            ;
; Ci   ; Output   ; --            ;
+------+----------+---------------+


+---------------------------------+
; Non-Global High Fan-Out Signals ;
+---------+-----------------------+
; Name    ; Fan-Out               ;
+---------+-----------------------+
; Ci-1    ; 2                     ;
; Bi      ; 2                     ;
; Ai      ; 2                     ;
; inst2~0 ; 1                     ;
; inst4~0 ; 1                     ;
+---------+-----------------------+


+--------------------------------------------------+
; Interconnect Usage Summary                       ;
+----------------------------+---------------------+
; Interconnect Resource Type ; Usage               ;
+----------------------------+---------------------+
; C4s                        ; 6 / 2,870 ( < 1 % ) ;
; Direct links               ; 0 / 3,938 ( 0 % )   ;
; Global clocks              ; 0 / 4 ( 0 % )       ;
; LAB clocks                 ; 0 / 72 ( 0 % )      ;
; LUT chains                 ; 0 / 1,143 ( 0 % )   ;
; Local interconnects        ; 4 / 3,938 ( < 1 % ) ;
; R4s                        ; 3 / 2,832 ( < 1 % ) ;
+----------------------------+---------------------+


+--------------------------------------------------------------------------+
; LAB Logic Elements                                                       ;
+--------------------------------------------+-----------------------------+
; Number of Logic Elements  (Average = 2.00) ; Number of LABs  (Total = 1) ;
+--------------------------------------------+-----------------------------+
; 1                                          ; 0                           ;
; 2                                          ; 1                           ;
; 3                                          ; 0                           ;
; 4                                          ; 0                           ;
; 5                                          ; 0                           ;
; 6                                          ; 0                           ;
; 7                                          ; 0                           ;
; 8                                          ; 0                           ;
; 9                                          ; 0                           ;
; 10                                         ; 0                           ;
+--------------------------------------------+-----------------------------+


+---------------------------------------------------------------------------+
; LAB Signals Sourced                                                       ;
+---------------------------------------------+-----------------------------+
; Number of Signals Sourced  (Average = 2.00) ; Number of LABs  (Total = 1) ;
+---------------------------------------------+-----------------------------+
; 0                                           ; 0                           ;
; 1                                           ; 0                           ;
; 2                                           ; 1                           ;
+---------------------------------------------+-----------------------------+


+-------------------------------------------------------------------------------+
; LAB Signals Sourced Out                                                       ;
+-------------------------------------------------+-----------------------------+
; Number of Signals Sourced Out  (Average = 2.00) ; Number of LABs  (Total = 1) ;
+-------------------------------------------------+-----------------------------+
; 0                                               ; 0                           ;
; 1                                               ; 0                           ;
; 2                                               ; 1                           ;
+-------------------------------------------------+-----------------------------+


+---------------------------------------------------------------------------+
; LAB Distinct Inputs                                                       ;
+---------------------------------------------+-----------------------------+
; Number of Distinct Inputs  (Average = 3.00) ; Number of LABs  (Total = 1) ;
+---------------------------------------------+-----------------------------+
; 0                                           ; 0                           ;
; 1                                           ; 0                           ;
; 2                                           ; 0                           ;
; 3                                           ; 1                           ;
+---------------------------------------------+-----------------------------+


+-------------------------------------------------------------------------+
; Fitter Device Options                                                   ;
+----------------------------------------------+--------------------------+
; Option                                       ; Setting                  ;
+----------------------------------------------+--------------------------+
; Enable user-supplied start-up clock (CLKUSR) ; Off                      ;
; Enable device-wide reset (DEV_CLRn)          ; Off                      ;
; Enable device-wide output enable (DEV_OE)    ; Off                      ;
; Enable INIT_DONE output                      ; Off                      ;
; Configuration scheme                         ; Passive Serial           ;
; Reserve all unused pins                      ; As output driving ground ;
; Base pin-out file on sameframe device        ; Off                      ;
+----------------------------------------------+--------------------------+


+------------------------------------------------------------+
; Estimated Delay Added for Hold Timing                      ;
+-----------------+----------------------+-------------------+
; Source Clock(s) ; Destination Clock(s) ; Delay Added in ns ;
+-----------------+----------------------+-------------------+


+-----------------+
; Fitter Messages ;
+-----------------+
Info: *******************************************************************
Info: Running Quartus II Fitter
    Info: Version 9.1 Build 222 10/21/2009 SJ Full Version
    Info: Processing started: Tue Apr 19 20:59:28 2016
Info: Command: quartus_fit --read_settings_files=off --write_settings_files=off fulladder -c fulladder
Info: Parallel compilation is enabled and will use 2 of the 2 processors detected
Info: Selected device EPM1270T144C5 for design "fulladder"
Info: Low junction temperature is 0 degrees C
Info: High junction temperature is 85 degrees C
Info: Fitter is performing an Auto Fit compilation, which may decrease Fitter effort to reduce compilation time
Info: Device migration not selected. If you intend to use device migration later, you may need to change the pin assignments as they may be incompatible with other devices
    Info: Device EPM570T144C5 is compatible
    Info: Device EPM570T144I5 is compatible
    Info: Device EPM570T144A5 is compatible
    Info: Device EPM1270T144I5 is compatible
    Info: Device EPM1270T144A5 is compatible
Critical Warning: No exact pin location assignment(s) for 5 pins of 5 total pins
    Info: Pin Si not assigned to an exact location on the device
    Info: Pin Ci not assigned to an exact location on the device
    Info: Pin Ai not assigned to an exact location on the device
    Info: Pin Bi not assigned to an exact location on the device
    Info: Pin Ci-1 not assigned to an exact location on the device
Info: Timing-driven compilation is using the Classic Timing Analyzer
Info: Timing requirements not specified -- optimizing circuit to achieve the following default global requirements
    Info: Assuming a global fmax requirement of 1000 MHz
    Info: Assuming a global tsu requirement of 2.0 ns
    Info: Assuming a global tco requirement of 1.0 ns
    Info: Assuming a global tpd requirement of 1.0 ns
Info: Completed User Assigned Global Signals Promotion Operation
Info: Completed Auto Global Promotion Operation
Info: Starting register packing
Info: Fitter is using Normal packing mode for logic elements with Auto setting for Auto Packed Registers logic option
Info: Started processing fast register assignments
Info: Finished processing fast register assignments
Info: Finished register packing
Info: Statistics of I/O pins that need to be placed that use the same VCCIO and VREF, before I/O pin placement
    Info: Number of I/O pins in group: 5 (unused VREF, 3.3V VCCIO, 3 input, 2 output, 0 bidirectional)
        Info: I/O standards used: 3.3-V LVTTL.
Info: I/O bank details before I/O pin placement
    Info: Statistics of I/O banks
        Info: I/O bank number 1 does not use VREF pins and has undetermined VCCIO pins. 0 total pin(s) used --  26 pins available
        Info: I/O bank number 2 does not use VREF pins and has undetermined VCCIO pins. 0 total pin(s) used --  30 pins available
        Info: I/O bank number 3 does not use VREF pins and has undetermined VCCIO pins. 0 total pin(s) used --  30 pins available
        Info: I/O bank number 4 does not use VREF pins and has undetermined VCCIO pins. 0 total pin(s) used --  30 pins available
Info: Fitter preparation operations ending: elapsed time is 00:00:00
Info: Fitter placement preparation operations beginning
Info: Fitter placement preparation operations ending: elapsed time is 00:00:00
Info: Fitter placement operations beginning
Info: Fitter placement was successful
Info: Fitter placement operations ending: elapsed time is 00:00:00
Info: Estimated most critical path is pin to pin delay of 10.290 ns
    Info: 1: + IC(0.000 ns) + CELL(1.132 ns) = 1.132 ns; Loc. = PIN_122; Fanout = 2; PIN Node = 'Bi'
    Info: 2: + IC(4.263 ns) + CELL(0.740 ns) = 6.135 ns; Loc. = LAB_X1_Y6; Fanout = 1; COMB Node = 'inst2~0'
    Info: 3: + IC(1.833 ns) + CELL(2.322 ns) = 10.290 ns; Loc. = PIN_39; Fanout = 0; PIN Node = 'Ci'
    Info: Total cell delay = 4.194 ns ( 40.76 % )
    Info: Total interconnect delay = 6.096 ns ( 59.24 % )
Info: Fitter routing operations beginning
Info: Average interconnect usage is 0% of the available device resources
    Info: Peak interconnect usage is 0% of the available device resources in the region that extends from location X0_Y0 to location X8_Y11
Info: Fitter routing operations ending: elapsed time is 00:00:00
Info: The Fitter performed an Auto Fit compilation.  Optimizations were skipped to reduce compilation time.
    Info: Optimizations that may affect the design's routability were skipped
    Info: Optimizations that may affect the design's timing were skipped
Warning: The Reserve All Unused Pins setting has not been specified, and will default to 'As output driving ground'.
Info: Generated suppressed messages file D:/fulladder/fulladder.fit.smsg
Info: Quartus II Fitter was successful. 0 errors, 2 warnings
    Info: Peak virtual memory: 214 megabytes
    Info: Processing ended: Tue Apr 19 20:59:29 2016
    Info: Elapsed time: 00:00:01
    Info: Total CPU time (on all processors): 00:00:01


+----------------------------+
; Fitter Suppressed Messages ;
+----------------------------+
The suppressed messages can be found in D:/fulladder/fulladder.fit.smsg.


