Analysis & Synthesis report for EX3
Fri May 06 18:04:09 2016
Quartus II Version 9.0 Build 132 02/25/2009 SJ Full Version


---------------------
; Table of Contents ;
---------------------
  1. Legal Notice
  2. Analysis & Synthesis Summary
  3. Analysis & Synthesis Settings
  4. Analysis & Synthesis Source Files Read
  5. Analysis & Synthesis Resource Usage Summary
  6. Analysis & Synthesis Resource Utilization by Entity
  7. General Register Statistics
  8. Analysis & Synthesis Messages



----------------
; Legal Notice ;
----------------
Copyright (C) 1991-2009 Altera Corporation
Your use of Altera Corporation's design tools, logic functions 
and other software and tools, and its AMPP partner logic 
functions, and any output files from any of the foregoing 
(including device programming or simulation files), and any 
associated documentation or information are expressly subject 
to the terms and conditions of the Altera Program License 
Subscription Agreement, Altera MegaCore Function License 
Agreement, or other applicable license agreement, including, 
without limitation, that your use is for the sole purpose of 
programming logic devices manufactured by Altera and sold by 
Altera or its authorized distributors.  Please refer to the 
applicable agreement for further details.



+------------------------------------------------------------------------+
; Analysis & Synthesis Summary                                           ;
+-----------------------------+------------------------------------------+
; Analysis & Synthesis Status ; Successful - Fri May 06 18:04:09 2016    ;
; Quartus II Version          ; 9.0 Build 132 02/25/2009 SJ Full Version ;
; Revision Name               ; EX3                                      ;
; Top-level Entity Name       ; EX3                                      ;
; Family                      ; MAX II                                   ;
; Total logic elements        ; 15                                       ;
; Total pins                  ; 17                                       ;
; Total virtual pins          ; 0                                        ;
; UFM blocks                  ; 0 / 1 ( 0 % )                            ;
+-----------------------------+------------------------------------------+


+----------------------------------------------------------------------------------------------------------+
; Analysis & Synthesis Settings                                                                            ;
+----------------------------------------------------------------+--------------------+--------------------+
; Option                                                         ; Setting            ; Default Value      ;
+----------------------------------------------------------------+--------------------+--------------------+
; Device                                                         ; EPM1270T144C5      ;                    ;
; Top-level entity name                                          ; EX3                ; EX3                ;
; Family name                                                    ; MAX II             ; Stratix II         ;
; Use Generated Physical Constraints File                        ; Off                ;                    ;
; Use smart compilation                                          ; Off                ; Off                ;
; Restructure Multiplexers                                       ; Auto               ; Auto               ;
; Create Debugging Nodes for IP Cores                            ; Off                ; Off                ;
; Preserve fewer node names                                      ; On                 ; On                 ;
; Disable OpenCore Plus hardware evaluation                      ; Off                ; Off                ;
; Verilog Version                                                ; Verilog_2001       ; Verilog_2001       ;
; VHDL Version                                                   ; VHDL93             ; VHDL93             ;
; State Machine Processing                                       ; Auto               ; Auto               ;
; Safe State Machine                                             ; Off                ; Off                ;
; Extract Verilog State Machines                                 ; On                 ; On                 ;
; Extract VHDL State Machines                                    ; On                 ; On                 ;
; Ignore Verilog initial constructs                              ; Off                ; Off                ;
; Iteration limit for constant Verilog loops                     ; 5000               ; 5000               ;
; Iteration limit for non-constant Verilog loops                 ; 250                ; 250                ;
; Add Pass-Through Logic to Inferred RAMs                        ; On                 ; On                 ;
; Parallel Synthesis                                             ; Off                ; Off                ;
; NOT Gate Push-Back                                             ; On                 ; On                 ;
; Power-Up Don't Care                                            ; On                 ; On                 ;
; Remove Redundant Logic Cells                                   ; Off                ; Off                ;
; Remove Duplicate Registers                                     ; On                 ; On                 ;
; Ignore CARRY Buffers                                           ; Off                ; Off                ;
; Ignore CASCADE Buffers                                         ; Off                ; Off                ;
; Ignore GLOBAL Buffers                                          ; Off                ; Off                ;
; Ignore ROW GLOBAL Buffers                                      ; Off                ; Off                ;
; Ignore LCELL Buffers                                           ; Off                ; Off                ;
; Ignore SOFT Buffers                                            ; On                 ; On                 ;
; Limit AHDL Integers to 32 Bits                                 ; Off                ; Off                ;
; Optimization Technique                                         ; Balanced           ; Balanced           ;
; Carry Chain Length                                             ; 70                 ; 70                 ;
; Auto Carry Chains                                              ; On                 ; On                 ;
; Auto Open-Drain Pins                                           ; On                 ; On                 ;
; Perform WYSIWYG Primitive Resynthesis                          ; Off                ; Off                ;
; Auto Shift Register Replacement                                ; Auto               ; Auto               ;
; Auto Clock Enable Replacement                                  ; On                 ; On                 ;
; Allow Synchronous Control Signals                              ; On                 ; On                 ;
; Force Use of Synchronous Clear Signals                         ; Off                ; Off                ;
; Auto Resource Sharing                                          ; Off                ; Off                ;
; Use LogicLock Constraints during Resource Balancing            ; On                 ; On                 ;
; Ignore translate_off and synthesis_off directives              ; Off                ; Off                ;
; Show Parameter Settings Tables in Synthesis Report             ; On                 ; On                 ;
; Ignore Maximum Fan-Out Assignments                             ; Off                ; Off                ;
; Synchronization Register Chain Length                          ; 2                  ; 2                  ;
; PowerPlay Power Optimization                                   ; Normal compilation ; Normal compilation ;
; HDL message level                                              ; Level2             ; Level2             ;
; Suppress Register Optimization Related Messages                ; Off                ; Off                ;
; Number of Removed Registers Reported in Synthesis Report       ; 100                ; 100                ;
; Number of Inverted Registers Reported in Synthesis Report      ; 100                ; 100                ;
; Clock MUX Protection                                           ; On                 ; On                 ;
; Block Design Naming                                            ; Auto               ; Auto               ;
; Synthesis Effort                                               ; Auto               ; Auto               ;
; Allows Asynchronous Clear Usage For Shift Register Replacement ; On                 ; On                 ;
; Analysis & Synthesis Message Level                             ; Medium             ; Medium             ;
+----------------------------------------------------------------+--------------------+--------------------+


+------------------------------------------------------------------------------------------------------------------+
; Analysis & Synthesis Source Files Read                                                                           ;
+----------------------------------+-----------------+-----------------+-------------------------------------------+
; File Name with User-Entered Path ; Used in Netlist ; File Type       ; File Name with Absolute Path              ;
+----------------------------------+-----------------+-----------------+-------------------------------------------+
; ../seg7_1/seg7_1.vhd             ; yes             ; User VHDL File  ; F:/I,ME/数电实验/seg7_1/seg7_1.vhd        ;
; ../div_12/div_12.vhd             ; yes             ; User VHDL File  ; F:/I,ME/数电实验/div_12/div_12.vhd        ;
; ../count_8421/cout_8421.vhd      ; yes             ; User VHDL File  ; F:/I,ME/数电实验/count_8421/cout_8421.vhd ;
; EX3.vhd                          ; yes             ; User VHDL File  ; F:/I,ME/数电实验/EX3/EX3.vhd              ;
+----------------------------------+-----------------+-----------------+-------------------------------------------+


+----------------------------------------------------------------------+
; Analysis & Synthesis Resource Usage Summary                          ;
+---------------------------------------------+------------------------+
; Resource                                    ; Usage                  ;
+---------------------------------------------+------------------------+
; Total logic elements                        ; 15                     ;
;     -- Combinational with no register       ; 7                      ;
;     -- Register only                        ; 0                      ;
;     -- Combinational with a register        ; 8                      ;
;                                             ;                        ;
; Logic element usage by number of LUT inputs ;                        ;
;     -- 4 input functions                    ; 10                     ;
;     -- 3 input functions                    ; 3                      ;
;     -- 2 input functions                    ; 0                      ;
;     -- 1 input functions                    ; 2                      ;
;     -- 0 input functions                    ; 0                      ;
;                                             ;                        ;
; Logic elements by mode                      ;                        ;
;     -- normal mode                          ; 15                     ;
;     -- arithmetic mode                      ; 0                      ;
;     -- qfbk mode                            ; 0                      ;
;     -- register cascade mode                ; 0                      ;
;     -- synchronous clear/load mode          ; 0                      ;
;     -- asynchronous clear/load mode         ; 4                      ;
;                                             ;                        ;
; Total registers                             ; 8                      ;
; I/O pins                                    ; 17                     ;
; Maximum fan-out node                        ; cout_8421:u2|q_temp[0] ;
; Maximum fan-out                             ; 11                     ;
; Total fan-out                               ; 70                     ;
; Average fan-out                             ; 2.19                   ;
+---------------------------------------------+------------------------+


+----------------------------------------------------------------------------------------------------------------------------------------------------------------------------------------------------------------------+
; Analysis & Synthesis Resource Utilization by Entity                                                                                                                                                                  ;
+----------------------------+-------------+--------------+------------+------+--------------+--------------+-------------------+------------------+-----------------+------------+---------------------+--------------+
; Compilation Hierarchy Node ; Logic Cells ; LC Registers ; UFM Blocks ; Pins ; Virtual Pins ; LUT-Only LCs ; Register-Only LCs ; LUT/Register LCs ; Carry Chain LCs ; Packed LCs ; Full Hierarchy Name ; Library Name ;
+----------------------------+-------------+--------------+------------+------+--------------+--------------+-------------------+------------------+-----------------+------------+---------------------+--------------+
; |EX3                       ; 15 (0)      ; 8            ; 0          ; 17   ; 0            ; 7 (0)        ; 0 (0)             ; 8 (0)            ; 0 (0)           ; 0 (0)      ; |EX3                ; work         ;
;    |cout_8421:u2|          ; 4 (4)       ; 4            ; 0          ; 0    ; 0            ; 0 (0)        ; 0 (0)             ; 4 (4)            ; 0 (0)           ; 0 (0)      ; |EX3|cout_8421:u2   ; work         ;
;    |div_12:u1|             ; 4 (4)       ; 4            ; 0          ; 0    ; 0            ; 0 (0)        ; 0 (0)             ; 4 (4)            ; 0 (0)           ; 0 (0)      ; |EX3|div_12:u1      ; work         ;
;    |seg7_1:u3|             ; 7 (7)       ; 0            ; 0          ; 0    ; 0            ; 7 (7)        ; 0 (0)             ; 0 (0)            ; 0 (0)           ; 0 (0)      ; |EX3|seg7_1:u3      ; work         ;
+----------------------------+-------------+--------------+------------+------+--------------+--------------+-------------------+------------------+-----------------+------------+---------------------+--------------+
Note: For table entries with two numbers listed, the numbers in parentheses indicate the number of resources of the given type used by the specific entity alone. The numbers listed outside of parentheses indicate the total resources of the given type used by the specific entity and all of its sub-entities in the hierarchy.


+------------------------------------------------------+
; General Register Statistics                          ;
+----------------------------------------------+-------+
; Statistic                                    ; Value ;
+----------------------------------------------+-------+
; Total registers                              ; 8     ;
; Number of registers using Synchronous Clear  ; 0     ;
; Number of registers using Synchronous Load   ; 0     ;
; Number of registers using Asynchronous Clear ; 4     ;
; Number of registers using Asynchronous Load  ; 0     ;
; Number of registers using Clock Enable       ; 0     ;
; Number of registers using Preset             ; 0     ;
+----------------------------------------------+-------+


+-------------------------------+
; Analysis & Synthesis Messages ;
+-------------------------------+
Info: *******************************************************************
Info: Running Quartus II Analysis & Synthesis
    Info: Version 9.0 Build 132 02/25/2009 SJ Full Version
    Info: Processing started: Fri May 06 18:04:07 2016
Info: Command: quartus_map --read_settings_files=on --write_settings_files=off EX3 -c EX3
Info: Found 2 design units, including 1 entities, in source file ../seg7_1/seg7_1.vhd
    Info: Found design unit 1: seg7_1-one
    Info: Found entity 1: seg7_1
Info: Found 2 design units, including 1 entities, in source file ../div_12/div_12.vhd
    Info: Found design unit 1: div_12-div_12_arc
    Info: Found entity 1: div_12
Info: Found 2 design units, including 1 entities, in source file ../count_8421/cout_8421.vhd
    Info: Found design unit 1: cout_8421-cout_8421_arc
    Info: Found entity 1: cout_8421
Info: Found 2 design units, including 1 entities, in source file EX3.vhd
    Info: Found design unit 1: EX3-EX3_arch
    Info: Found entity 1: EX3
Info: Elaborating entity "EX3" for the top level hierarchy
Info: Elaborating entity "div_12" for hierarchy "div_12:u1"
Info: Elaborating entity "cout_8421" for hierarchy "cout_8421:u2"
Info: Elaborating entity "seg7_1" for hierarchy "seg7_1:u3"
Warning: Output pins are stuck at VCC or GND
    Warning (13410): Pin "c[0]" is stuck at VCC
    Warning (13410): Pin "c[1]" is stuck at VCC
    Warning (13410): Pin "c[2]" is stuck at VCC
    Warning (13410): Pin "c[3]" is stuck at VCC
    Warning (13410): Pin "c[4]" is stuck at VCC
    Warning (13410): Pin "c[5]" is stuck at GND
    Warning (13410): Pin "c[6]" is stuck at VCC
    Warning (13410): Pin "c[7]" is stuck at VCC
Info: Implemented 32 device resources after synthesis - the final resource count might be different
    Info: Implemented 2 input pins
    Info: Implemented 15 output pins
    Info: Implemented 15 logic cells
Info: Quartus II Analysis & Synthesis was successful. 0 errors, 9 warnings
    Info: Peak virtual memory: 264 megabytes
    Info: Processing ended: Fri May 06 18:04:09 2016
    Info: Elapsed time: 00:00:02
    Info: Total CPU time (on all processors): 00:00:02


