Flow report for div_2000
Tue May 10 12:22:41 2016
Quartus II Version 9.0 Build 132 02/25/2009 SJ Full Version


---------------------
; Table of Contents ;
---------------------
  1. Legal Notice
  2. Flow Summary
  3. Flow Settings
  4. Flow Non-Default Global Settings
  5. Flow Elapsed Time
  6. Flow OS Summary
  7. Flow Log



----------------
; Legal Notice ;
----------------
Copyright (C) 1991-2009 Altera Corporation
Your use of Altera Corporation's design tools, logic functions 
and other software and tools, and its AMPP partner logic 
functions, and any output files from any of the foregoing 
(including device programming or simulation files), and any 
associated documentation or information are expressly subject 
to the terms and conditions of the Altera Program License 
Subscription Agreement, Altera MegaCore Function License 
Agreement, or other applicable license agreement, including, 
without limitation, that your use is for the sole purpose of 
programming logic devices manufactured by Altera and sold by 
Altera or its authorized distributors.  Please refer to the 
applicable agreement for further details.



+--------------------------------------------------------------------+
; Flow Summary                                                       ;
+-------------------------+------------------------------------------+
; Flow Status             ; Successful - Tue May 10 12:22:41 2016    ;
; Quartus II Version      ; 9.0 Build 132 02/25/2009 SJ Full Version ;
; Revision Name           ; div_2000                                 ;
; Top-level Entity Name   ; div_2000                                 ;
; Family                  ; MAX II                                   ;
; Device                  ; EPM1270T144C5                            ;
; Timing Models           ; Final                                    ;
; Met timing requirements ; Yes                                      ;
; Total logic elements    ; 22 / 1,270 ( 2 % )                       ;
; Total pins              ; 2 / 116 ( 2 % )                          ;
; Total virtual pins      ; 0                                        ;
; UFM blocks              ; 0 / 1 ( 0 % )                            ;
+-------------------------+------------------------------------------+


+-----------------------------------------+
; Flow Settings                           ;
+-------------------+---------------------+
; Option            ; Setting             ;
+-------------------+---------------------+
; Start date & time ; 05/10/2016 12:22:34 ;
; Main task         ; Compilation         ;
; Revision Name     ; div_2000            ;
+-------------------+---------------------+


+----------------------------------------------------------------------------------------------------------------------+
; Flow Non-Default Global Settings                                                                                     ;
+---------------------------------------+-------------------------------+---------------+-------------+----------------+
; Assignment Name                       ; Value                         ; Default Value ; Entity Name ; Section Id     ;
+---------------------------------------+-------------------------------+---------------+-------------+----------------+
; COMPILER_SIGNATURE_ID                 ; 1095565644512.146285415413836 ; --            ; --          ; --             ;
; MAX_CORE_JUNCTION_TEMP                ; 85                            ; --            ; --          ; --             ;
; MIN_CORE_JUNCTION_TEMP                ; 0                             ; --            ; --          ; --             ;
; POWER_EXT_SUPPLY_VOLTAGE_TO_REGULATOR ; 3.3V                          ; --            ; --          ; --             ;
; USE_GENERATED_PHYSICAL_CONSTRAINTS    ; Off                           ; --            ; --          ; eda_blast_fpga ;
+---------------------------------------+-------------------------------+---------------+-------------+----------------+


+-----------------------------------------------------------------------------------------------------------------------------+
; Flow Elapsed Time                                                                                                           ;
+-------------------------+--------------+-------------------------+---------------------+------------------------------------+
; Module Name             ; Elapsed Time ; Average Processors Used ; Peak Virtual Memory ; Total CPU Time (on all processors) ;
+-------------------------+--------------+-------------------------+---------------------+------------------------------------+
; Analysis & Synthesis    ; 00:00:01     ; 1.0                     ; 263 MB              ; 00:00:01                           ;
; Fitter                  ; 00:00:00     ; 1.0                     ; 286 MB              ; 00:00:01                           ;
; Assembler               ; 00:00:02     ; 1.0                     ; 220 MB              ; 00:00:02                           ;
; Classic Timing Analyzer ; 00:00:01     ; 1.0                     ; 194 MB              ; 00:00:00                           ;
; Total                   ; 00:00:04     ; --                      ; --                  ; 00:00:04                           ;
+-------------------------+--------------+-------------------------+---------------------+------------------------------------+


+------------------------------------------------------------------------------------------+
; Flow OS Summary                                                                          ;
+-------------------------+------------------+---------------+------------+----------------+
; Module Name             ; Machine Hostname ; OS Name       ; OS Version ; Processor type ;
+-------------------------+------------------+---------------+------------+----------------+
; Analysis & Synthesis    ; XIAOMAI2         ; Windows Vista ; 6.2        ; x86_64         ;
; Fitter                  ; XIAOMAI2         ; Windows Vista ; 6.2        ; x86_64         ;
; Assembler               ; XIAOMAI2         ; Windows Vista ; 6.2        ; x86_64         ;
; Classic Timing Analyzer ; XIAOMAI2         ; Windows Vista ; 6.2        ; x86_64         ;
+-------------------------+------------------+---------------+------------+----------------+


------------
; Flow Log ;
------------
quartus_map --read_settings_files=on --write_settings_files=off div_2000 -c div_2000
quartus_fit --read_settings_files=off --write_settings_files=off div_2000 -c div_2000
quartus_asm --read_settings_files=off --write_settings_files=off div_2000 -c div_2000
quartus_tan --read_settings_files=off --write_settings_files=off div_2000 -c div_2000



