Classic Timing Analyzer report for cout_8421
Tue May 03 20:38:08 2016
Quartus II Version 9.0 Build 132 02/25/2009 SJ Full Version


---------------------
; Table of Contents ;
---------------------
  1. Legal Notice
  2. Timing Analyzer Summary
  3. Timing Analyzer Settings
  4. Clock Settings Summary
  5. Parallel Compilation
  6. Clock Setup: 'clk'
  7. tco
  8. Timing Analyzer Messages



----------------
; Legal Notice ;
----------------
Copyright (C) 1991-2009 Altera Corporation
Your use of Altera Corporation's design tools, logic functions 
and other software and tools, and its AMPP partner logic 
functions, and any output files from any of the foregoing 
(including device programming or simulation files), and any 
associated documentation or information are expressly subject 
to the terms and conditions of the Altera Program License 
Subscription Agreement, Altera MegaCore Function License 
Agreement, or other applicable license agreement, including, 
without limitation, that your use is for the sole purpose of 
programming logic devices manufactured by Altera and sold by 
Altera or its authorized distributors.  Please refer to the 
applicable agreement for further details.



+----------------------------------------------------------------------------------------------------------------------------------------------------------------------+
; Timing Analyzer Summary                                                                                                                                              ;
+------------------------------+-------+---------------+------------------------------------------------+-----------+-----------+------------+----------+--------------+
; Type                         ; Slack ; Required Time ; Actual Time                                    ; From      ; To        ; From Clock ; To Clock ; Failed Paths ;
+------------------------------+-------+---------------+------------------------------------------------+-----------+-----------+------------+----------+--------------+
; Worst-case tco               ; N/A   ; None          ; 10.335 ns                                      ; q_temp[3] ; q[3]      ; clk        ; --       ; 0            ;
; Clock Setup: 'clk'           ; N/A   ; None          ; Restricted to 304.04 MHz ( period = 3.289 ns ) ; q_temp[2] ; q_temp[2] ; clk        ; clk      ; 0            ;
; Total number of failed paths ;       ;               ;                                                ;           ;           ;            ;          ; 0            ;
+------------------------------+-------+---------------+------------------------------------------------+-----------+-----------+------------+----------+--------------+


+--------------------------------------------------------------------------------------------------------------------+
; Timing Analyzer Settings                                                                                           ;
+---------------------------------------------------------------------+--------------------+------+----+-------------+
; Option                                                              ; Setting            ; From ; To ; Entity Name ;
+---------------------------------------------------------------------+--------------------+------+----+-------------+
; Device Name                                                         ; EPM1270T144C5      ;      ;    ;             ;
; Timing Models                                                       ; Final              ;      ;    ;             ;
; Default hold multicycle                                             ; Same as Multicycle ;      ;    ;             ;
; Cut paths between unrelated clock domains                           ; On                 ;      ;    ;             ;
; Cut off read during write signal paths                              ; On                 ;      ;    ;             ;
; Cut off feedback from I/O pins                                      ; On                 ;      ;    ;             ;
; Report Combined Fast/Slow Timing                                    ; Off                ;      ;    ;             ;
; Ignore Clock Settings                                               ; Off                ;      ;    ;             ;
; Analyze latches as synchronous elements                             ; On                 ;      ;    ;             ;
; Enable Recovery/Removal analysis                                    ; Off                ;      ;    ;             ;
; Enable Clock Latency                                                ; Off                ;      ;    ;             ;
; Use TimeQuest Timing Analyzer                                       ; Off                ;      ;    ;             ;
; Minimum Core Junction Temperature                                   ; 0                  ;      ;    ;             ;
; Maximum Core Junction Temperature                                   ; 85                 ;      ;    ;             ;
; Number of source nodes to report per destination node               ; 10                 ;      ;    ;             ;
; Number of destination nodes to report                               ; 10                 ;      ;    ;             ;
; Number of paths to report                                           ; 200                ;      ;    ;             ;
; Report Minimum Timing Checks                                        ; Off                ;      ;    ;             ;
; Use Fast Timing Models                                              ; Off                ;      ;    ;             ;
; Report IO Paths Separately                                          ; Off                ;      ;    ;             ;
; Perform Multicorner Analysis                                        ; Off                ;      ;    ;             ;
; Reports the worst-case path for each clock domain and analysis      ; Off                ;      ;    ;             ;
; Removes common clock path pessimism (CCPP) during slack computation ; Off                ;      ;    ;             ;
; Output I/O Timing Endpoint                                          ; Near End           ;      ;    ;             ;
+---------------------------------------------------------------------+--------------------+------+----+-------------+


+------------------------------------------------------------------------------------------------------------------------------------------------------------------------------------+
; Clock Settings Summary                                                                                                                                                             ;
+-----------------+--------------------+----------+------------------+---------------+--------------+----------+-----------------------+---------------------+--------+--------------+
; Clock Node Name ; Clock Setting Name ; Type     ; Fmax Requirement ; Early Latency ; Late Latency ; Based on ; Multiply Base Fmax by ; Divide Base Fmax by ; Offset ; Phase offset ;
+-----------------+--------------------+----------+------------------+---------------+--------------+----------+-----------------------+---------------------+--------+--------------+
; clk             ;                    ; User Pin ; None             ; 0.000 ns      ; 0.000 ns     ; --       ; N/A                   ; N/A                 ; N/A    ;              ;
+-----------------+--------------------+----------+------------------+---------------+--------------+----------+-----------------------+---------------------+--------+--------------+


+------------------------------------------+
; Parallel Compilation                     ;
+----------------------------+-------------+
; Processors                 ; Number      ;
+----------------------------+-------------+
; Number detected on machine ; 4           ;
; Maximum allowed            ; 4           ;
;                            ;             ;
; Average used               ; 1.00        ;
; Maximum used               ; 1           ;
;                            ;             ;
; Usage by Processor         ; % Time Used ;
;     1 processor            ; 100.0%      ;
;     2-4 processors         ;   0.0%      ;
+----------------------------+-------------+


+--------------------------------------------------------------------------------------------------------------------------------------------------------------------------------------------+
; Clock Setup: 'clk'                                                                                                                                                                         ;
+-------+------------------------------------------------+-----------+-----------+------------+----------+-----------------------------+---------------------------+-------------------------+
; Slack ; Actual fmax (period)                           ; From      ; To        ; From Clock ; To Clock ; Required Setup Relationship ; Required Longest P2P Time ; Actual Longest P2P Time ;
+-------+------------------------------------------------+-----------+-----------+------------+----------+-----------------------------+---------------------------+-------------------------+
; N/A   ; Restricted to 304.04 MHz ( period = 3.289 ns ) ; q_temp[2] ; q_temp[2] ; clk        ; clk      ; None                        ; None                      ; 2.152 ns                ;
; N/A   ; Restricted to 304.04 MHz ( period = 3.289 ns ) ; q_temp[1] ; q_temp[3] ; clk        ; clk      ; None                        ; None                      ; 2.099 ns                ;
; N/A   ; Restricted to 304.04 MHz ( period = 3.289 ns ) ; q_temp[1] ; q_temp[1] ; clk        ; clk      ; None                        ; None                      ; 2.097 ns                ;
; N/A   ; Restricted to 304.04 MHz ( period = 3.289 ns ) ; q_temp[0] ; q_temp[2] ; clk        ; clk      ; None                        ; None                      ; 2.025 ns                ;
; N/A   ; Restricted to 304.04 MHz ( period = 3.289 ns ) ; q_temp[2] ; q_temp[3] ; clk        ; clk      ; None                        ; None                      ; 2.016 ns                ;
; N/A   ; Restricted to 304.04 MHz ( period = 3.289 ns ) ; q_temp[2] ; q_temp[1] ; clk        ; clk      ; None                        ; None                      ; 2.014 ns                ;
; N/A   ; Restricted to 304.04 MHz ( period = 3.289 ns ) ; q_temp[3] ; q_temp[1] ; clk        ; clk      ; None                        ; None                      ; 1.768 ns                ;
; N/A   ; Restricted to 304.04 MHz ( period = 3.289 ns ) ; q_temp[3] ; q_temp[3] ; clk        ; clk      ; None                        ; None                      ; 1.763 ns                ;
; N/A   ; Restricted to 304.04 MHz ( period = 3.289 ns ) ; q_temp[0] ; q_temp[3] ; clk        ; clk      ; None                        ; None                      ; 1.570 ns                ;
; N/A   ; Restricted to 304.04 MHz ( period = 3.289 ns ) ; q_temp[0] ; q_temp[1] ; clk        ; clk      ; None                        ; None                      ; 1.567 ns                ;
; N/A   ; Restricted to 304.04 MHz ( period = 3.289 ns ) ; q_temp[0] ; q_temp[0] ; clk        ; clk      ; None                        ; None                      ; 1.553 ns                ;
; N/A   ; Restricted to 304.04 MHz ( period = 3.289 ns ) ; q_temp[1] ; q_temp[2] ; clk        ; clk      ; None                        ; None                      ; 1.531 ns                ;
+-------+------------------------------------------------+-----------+-----------+------------+----------+-----------------------------+---------------------------+-------------------------+


+-------------------------------------------------------------------+
; tco                                                               ;
+-------+--------------+------------+-----------+------+------------+
; Slack ; Required tco ; Actual tco ; From      ; To   ; From Clock ;
+-------+--------------+------------+-----------+------+------------+
; N/A   ; None         ; 10.335 ns  ; q_temp[3] ; q[3] ; clk        ;
; N/A   ; None         ; 9.288 ns   ; q_temp[0] ; q[0] ; clk        ;
; N/A   ; None         ; 8.462 ns   ; q_temp[2] ; q[2] ; clk        ;
; N/A   ; None         ; 8.452 ns   ; q_temp[1] ; q[1] ; clk        ;
+-------+--------------+------------+-----------+------+------------+


+--------------------------+
; Timing Analyzer Messages ;
+--------------------------+
Info: *******************************************************************
Info: Running Quartus II Classic Timing Analyzer
    Info: Version 9.0 Build 132 02/25/2009 SJ Full Version
    Info: Processing started: Tue May 03 20:38:08 2016
Info: Command: quartus_tan --read_settings_files=off --write_settings_files=off cout_8421 -c cout_8421
Info: Parallel compilation is enabled and will use 4 of the 4 processors detected
Info: Started post-fitting delay annotation
Info: Delay annotation completed successfully
Warning: Found pins functioning as undefined clocks and/or memory enables
    Info: Assuming node "clk" is an undefined clock
Info: Clock "clk" Internal fmax is restricted to 304.04 MHz between source register "q_temp[2]" and destination register "q_temp[2]"
    Info: fmax restricted to clock pin edge rate 3.289 ns. Expand message to see actual delay path.
        Info: + Longest register to register delay is 2.152 ns
            Info: 1: + IC(0.000 ns) + CELL(0.000 ns) = 0.000 ns; Loc. = LC_X3_Y10_N2; Fanout = 4; REG Node = 'q_temp[2]'
            Info: 2: + IC(1.348 ns) + CELL(0.804 ns) = 2.152 ns; Loc. = LC_X3_Y10_N2; Fanout = 4; REG Node = 'q_temp[2]'
            Info: Total cell delay = 0.804 ns ( 37.36 % )
            Info: Total interconnect delay = 1.348 ns ( 62.64 % )
        Info: - Smallest clock skew is 0.000 ns
            Info: + Shortest clock path from clock "clk" to destination register is 3.819 ns
                Info: 1: + IC(0.000 ns) + CELL(1.163 ns) = 1.163 ns; Loc. = PIN_18; Fanout = 4; CLK Node = 'clk'
                Info: 2: + IC(1.738 ns) + CELL(0.918 ns) = 3.819 ns; Loc. = LC_X3_Y10_N2; Fanout = 4; REG Node = 'q_temp[2]'
                Info: Total cell delay = 2.081 ns ( 54.49 % )
                Info: Total interconnect delay = 1.738 ns ( 45.51 % )
            Info: - Longest clock path from clock "clk" to source register is 3.819 ns
                Info: 1: + IC(0.000 ns) + CELL(1.163 ns) = 1.163 ns; Loc. = PIN_18; Fanout = 4; CLK Node = 'clk'
                Info: 2: + IC(1.738 ns) + CELL(0.918 ns) = 3.819 ns; Loc. = LC_X3_Y10_N2; Fanout = 4; REG Node = 'q_temp[2]'
                Info: Total cell delay = 2.081 ns ( 54.49 % )
                Info: Total interconnect delay = 1.738 ns ( 45.51 % )
        Info: + Micro clock to output delay of source is 0.376 ns
        Info: + Micro setup delay of destination is 0.333 ns
Info: tco from clock "clk" to destination pin "q[3]" through register "q_temp[3]" is 10.335 ns
    Info: + Longest clock path from clock "clk" to source register is 3.819 ns
        Info: 1: + IC(0.000 ns) + CELL(1.163 ns) = 1.163 ns; Loc. = PIN_18; Fanout = 4; CLK Node = 'clk'
        Info: 2: + IC(1.738 ns) + CELL(0.918 ns) = 3.819 ns; Loc. = LC_X3_Y10_N5; Fanout = 3; REG Node = 'q_temp[3]'
        Info: Total cell delay = 2.081 ns ( 54.49 % )
        Info: Total interconnect delay = 1.738 ns ( 45.51 % )
    Info: + Micro clock to output delay of source is 0.376 ns
    Info: + Longest register to pin delay is 6.140 ns
        Info: 1: + IC(0.000 ns) + CELL(0.000 ns) = 0.000 ns; Loc. = LC_X3_Y10_N5; Fanout = 3; REG Node = 'q_temp[3]'
        Info: 2: + IC(3.818 ns) + CELL(2.322 ns) = 6.140 ns; Loc. = PIN_107; Fanout = 0; PIN Node = 'q[3]'
        Info: Total cell delay = 2.322 ns ( 37.82 % )
        Info: Total interconnect delay = 3.818 ns ( 62.18 % )
Info: Quartus II Classic Timing Analyzer was successful. 0 errors, 1 warning
    Info: Peak virtual memory: 205 megabytes
    Info: Processing ended: Tue May 03 20:38:09 2016
    Info: Elapsed time: 00:00:01
    Info: Total CPU time (on all processors): 00:00:00


